<?xml version="1.0" encoding="UTF-8"?>
<testsuite name="EncryptDecryptTest" tests="1" skipped="0" failures="0" errors="0" timestamp="2019-07-31T19:38:52" hostname="D-10-18-170-32.dhcp4.washington.edu" time="0.066">
  <properties/>
  <testcase name="start" classname="EncryptDecryptTest" time="0.066"/>
  <system-out><![CDATA[]]></system-out>
  <system-err><![CDATA[Start test 1
Start test 2
Start test 3
Start test 4
Start test 5
Start test 6
]]></system-err>
</testsuite>
